0 info it worked if it ends with ok
1 verbose cli [
1 verbose cli   '/usr/local/bin/node',
1 verbose cli   '/usr/local/bin/npm',
1 verbose cli   'install',
1 verbose cli   '--no-audit',
1 verbose cli   '--no-update-notifier',
1 verbose cli   '--no-fund',
1 verbose cli   '--save',
1 verbose cli   '--save-prefix=~',
1 verbose cli   '--production',
1 verbose cli   '--engine-strict',
1 verbose cli   'node-red-contrib-influxdb@0.6.1'
1 verbose cli ]
2 info using npm@6.14.15
3 info using node@v14.18.2
4 verbose npm-session 0b4ba5c287185d0d
5 silly install loadCurrentTree
6 silly install readLocalPackageData
7 silly fetchPackageMetaData error for node-red-contrib-influxdb@0.6.1 request to https://registry.npmjs.org/node-red-contrib-influxdb failed, reason: connect EHOSTUNREACH 104.16.27.35:443
8 timing stage:rollbackFailedOptional Completed in 3ms
9 timing stage:runTopLevelLifecycles Completed in 3358ms
10 verbose type system
11 verbose stack FetchError: request to https://registry.npmjs.org/node-red-contrib-influxdb failed, reason: connect EHOSTUNREACH 104.16.27.35:443
11 verbose stack     at ClientRequest.<anonymous> (/usr/local/lib/node_modules/npm/node_modules/node-fetch-npm/src/index.js:68:14)
11 verbose stack     at ClientRequest.emit (events.js:400:28)
11 verbose stack     at TLSSocket.socketErrorListener (_http_client.js:475:9)
11 verbose stack     at TLSSocket.emit (events.js:400:28)
11 verbose stack     at emitErrorNT (internal/streams/destroy.js:106:8)
11 verbose stack     at emitErrorCloseNT (internal/streams/destroy.js:74:3)
11 verbose stack     at processTicksAndRejections (internal/process/task_queues.js:82:21)
12 verbose cwd /data
13 verbose Linux 5.15.44-v8+
14 verbose argv "/usr/local/bin/node" "/usr/local/bin/npm" "install" "--no-audit" "--no-update-notifier" "--no-fund" "--save" "--save-prefix=~" "--production" "--engine-strict" "node-red-contrib-influxdb@0.6.1"
15 verbose node v14.18.2
16 verbose npm  v6.14.15
17 error code EHOSTUNREACH
18 error errno EHOSTUNREACH
19 error request to https://registry.npmjs.org/node-red-contrib-influxdb failed, reason: connect EHOSTUNREACH 104.16.27.35:443
20 verbose exit [ 1, true ]
